日志时间:2017-12-08 11:13:33
日志级别:Info
日志位置:类[BSSServer],方法[UdpReciveThread]
日志内容:SocketException：一个封锁操作被对 WSACancelBlockingCall 的调用中断。

日志时间:2017-12-08 11:13:33
日志级别:Info
日志位置:类[BSSServer],方法[UdpReciveThread]
日志内容:无法访问已释放的对象。
对象名:“System.Net.Sockets.UdpClient”。

日志时间:2017-12-08 11:13:33
日志级别:Info
日志位置:类[BSSServer],方法[UdpReciveThread]
日志内容:无法访问已释放的对象。
对象名:“System.Net.Sockets.UdpClient”。

日志时间:2017-12-08 11:13:33
日志级别:Info
日志位置:类[BSSServer],方法[UdpReciveThread]
日志内容:无法访问已释放的对象。
对象名:“System.Net.Sockets.UdpClient”。

日志时间:2017-12-08 11:13:33
日志级别:Info
日志位置:类[BSSServer],方法[UdpReciveThread]
日志内容:无法访问已释放的对象。
对象名:“System.Net.Sockets.UdpClient”。

日志时间:2017-12-08 11:13:33
日志级别:Info
日志位置:类[BSSServer],方法[UdpReciveThread]
日志内容:无法访问已释放的对象。
对象名:“System.Net.Sockets.UdpClient”。

日志时间:2017-12-08 11:13:33
日志级别:Info
日志位置:类[BSSServer],方法[UdpReciveThread]
日志内容:无法访问已释放的对象。
对象名:“System.Net.Sockets.UdpClient”。

日志时间:2017-12-08 11:13:33
日志级别:Info
日志位置:类[BSSServer],方法[UdpReciveThread]
日志内容:无法访问已释放的对象。
对象名:“System.Net.Sockets.UdpClient”。

日志时间:2017-12-08 11:13:33
日志级别:Info
日志位置:类[BSSServer],方法[UdpReciveThread]
日志内容:无法访问已释放的对象。
对象名:“System.Net.Sockets.UdpClient”。

日志时间:2017-12-08 11:13:33
日志级别:Info
日志位置:类[BSSServer],方法[UdpReciveThread]
日志内容:无法访问已释放的对象。
对象名:“System.Net.Sockets.UdpClient”。

日志时间:2017-12-08 11:13:33
日志级别:Info
日志位置:类[BSSServer],方法[UdpReciveThread]
日志内容:无法访问已释放的对象。
对象名:“System.Net.Sockets.UdpClient”。

日志时间:2017-12-08 11:13:33
日志级别:Info
日志位置:类[BSSServer],方法[UdpReciveThread]
日志内容:无法访问已释放的对象。
对象名:“System.Net.Sockets.UdpClient”。

日志时间:2017-12-08 11:13:33
日志级别:Info
日志位置:类[BSSServer],方法[UdpReciveThread]
日志内容:无法访问已释放的对象。
对象名:“System.Net.Sockets.UdpClient”。

日志时间:2017-12-08 11:13:33
日志级别:Info
日志位置:类[BSSServer],方法[UdpReciveThread]
日志内容:无法访问已释放的对象。
对象名:“System.Net.Sockets.UdpClient”。

日志时间:2017-12-08 11:13:33
日志级别:Info
日志位置:类[BSSServer],方法[UdpReciveThread]
日志内容:无法访问已释放的对象。
对象名:“System.Net.Sockets.UdpClient”。

日志时间:2017-12-08 11:13:33
日志级别:Info
日志位置:类[BSSServer],方法[UdpReciveThread]
日志内容:无法访问已释放的对象。
对象名:“System.Net.Sockets.UdpClient”。

日志时间:2017-12-08 11:13:33
日志级别:Info
日志位置:类[BSSServer],方法[UdpReciveThread]
日志内容:无法访问已释放的对象。
对象名:“System.Net.Sockets.UdpClient”。

日志时间:2017-12-08 11:13:33
日志级别:Info
日志位置:类[BSSServer],方法[UdpReciveThread]
日志内容:无法访问已释放的对象。
对象名:“System.Net.Sockets.UdpClient”。

日志时间:2017-12-08 11:13:33
日志级别:Info
日志位置:类[BSSServer],方法[UdpReciveThread]
日志内容:无法访问已释放的对象。
对象名:“System.Net.Sockets.UdpClient”。

日志时间:2017-12-08 11:13:33
日志级别:Info
日志位置:类[BSSServer],方法[UdpReciveThread]
日志内容:无法访问已释放的对象。
对象名:“System.Net.Sockets.UdpClient”。

日志时间:2017-12-08 11:13:33
日志级别:Info
日志位置:类[BSSServer],方法[UdpReciveThread]
日志内容:无法访问已释放的对象。
对象名:“System.Net.Sockets.UdpClient”。

日志时间:2017-12-08 11:13:33
日志级别:Info
日志位置:类[BSSServer],方法[UdpReciveThread]
日志内容:无法访问已释放的对象。
对象名:“System.Net.Sockets.UdpClient”。

日志时间:2017-12-08 11:13:33
日志级别:Info
日志位置:类[BSSServer],方法[UdpReciveThread]
日志内容:无法访问已释放的对象。
对象名:“System.Net.Sockets.UdpClient”。

日志时间:2017-12-08 11:13:33
日志级别:Info
日志位置:类[BSSServer],方法[UdpReciveThread]
日志内容:无法访问已释放的对象。
对象名:“System.Net.Sockets.UdpClient”。

日志时间:2017-12-08 11:13:34
日志级别:Info
日志位置:类[BSSServer],方法[UdpReciveThread]
日志内容:无法访问已释放的对象。
对象名:“System.Net.Sockets.UdpClient”。

日志时间:2017-12-08 11:13:34
日志级别:Info
日志位置:类[BSSServer],方法[UdpReciveThread]
日志内容:无法访问已释放的对象。
对象名:“System.Net.Sockets.UdpClient”。

日志时间:2017-12-08 11:13:34
日志级别:Info
日志位置:类[BSSServer],方法[UdpReciveThread]
日志内容:无法访问已释放的对象。
对象名:“System.Net.Sockets.UdpClient”。

日志时间:2017-12-08 11:13:34
日志级别:Info
日志位置:类[BSSServer],方法[UdpReciveThread]
日志内容:无法访问已释放的对象。
对象名:“System.Net.Sockets.UdpClient”。

日志时间:2017-12-08 11:13:34
日志级别:Info
日志位置:类[BSSServer],方法[UdpReciveThread]
日志内容:无法访问已释放的对象。
对象名:“System.Net.Sockets.UdpClient”。

日志时间:2017-12-08 11:13:34
日志级别:Info
日志位置:类[BSSServer],方法[UdpReciveThread]
日志内容:无法访问已释放的对象。
对象名:“System.Net.Sockets.UdpClient”。

日志时间:2017-12-08 11:13:34
日志级别:Info
日志位置:类[BSSServer],方法[UdpReciveThread]
日志内容:无法访问已释放的对象。
对象名:“System.Net.Sockets.UdpClient”。

日志时间:2017-12-08 11:13:34
日志级别:Info
日志位置:类[BSSServer],方法[UdpReciveThread]
日志内容:无法访问已释放的对象。
对象名:“System.Net.Sockets.UdpClient”。

日志时间:2017-12-08 11:13:34
日志级别:Info
日志位置:类[BSSServer],方法[UdpReciveThread]
日志内容:无法访问已释放的对象。
对象名:“System.Net.Sockets.UdpClient”。

日志时间:2017-12-08 11:13:34
日志级别:Info
日志位置:类[BSSServer],方法[UdpReciveThread]
日志内容:无法访问已释放的对象。
对象名:“System.Net.Sockets.UdpClient”。

日志时间:2017-12-08 11:13:34
日志级别:Info
日志位置:类[BSSServer],方法[UdpReciveThread]
日志内容:无法访问已释放的对象。
对象名:“System.Net.Sockets.UdpClient”。

日志时间:2017-12-08 11:13:34
日志级别:Info
日志位置:类[BSSServer],方法[UdpReciveThread]
日志内容:无法访问已释放的对象。
对象名:“System.Net.Sockets.UdpClient”。

日志时间:2017-12-08 11:13:34
日志级别:Info
日志位置:类[BSSServer],方法[UdpReciveThread]
日志内容:无法访问已释放的对象。
对象名:“System.Net.Sockets.UdpClient”。

日志时间:2017-12-08 11:13:34
日志级别:Info
日志位置:类[BSSServer],方法[UdpReciveThread]
日志内容:无法访问已释放的对象。
对象名:“System.Net.Sockets.UdpClient”。

日志时间:2017-12-08 11:13:34
日志级别:Info
日志位置:类[BSSServer],方法[UdpReciveThread]
日志内容:无法访问已释放的对象。
对象名:“System.Net.Sockets.UdpClient”。

日志时间:2017-12-08 11:13:34
日志级别:Info
日志位置:类[BSSServer],方法[UdpReciveThread]
日志内容:无法访问已释放的对象。
对象名:“System.Net.Sockets.UdpClient”。

日志时间:2017-12-08 11:13:34
日志级别:Info
日志位置:类[BSSServer],方法[UdpReciveThread]
日志内容:无法访问已释放的对象。
对象名:“System.Net.Sockets.UdpClient”。

日志时间:2017-12-08 11:13:34
日志级别:Info
日志位置:类[BSSServer],方法[UdpReciveThread]
日志内容:无法访问已释放的对象。
对象名:“System.Net.Sockets.UdpClient”。

日志时间:2017-12-08 11:13:34
日志级别:Info
日志位置:类[BSSServer],方法[UdpReciveThread]
日志内容:无法访问已释放的对象。
对象名:“System.Net.Sockets.UdpClient”。

日志时间:2017-12-08 11:13:34
日志级别:Info
日志位置:类[BSSServer],方法[UdpReciveThread]
日志内容:无法访问已释放的对象。
对象名:“System.Net.Sockets.UdpClient”。

日志时间:2017-12-08 11:13:34
日志级别:Info
日志位置:类[BSSServer],方法[UdpReciveThread]
日志内容:无法访问已释放的对象。
对象名:“System.Net.Sockets.UdpClient”。

日志时间:2017-12-08 11:13:34
日志级别:Info
日志位置:类[BSSServer],方法[UdpReciveThread]
日志内容:无法访问已释放的对象。
对象名:“System.Net.Sockets.UdpClient”。

日志时间:2017-12-08 11:13:34
日志级别:Info
日志位置:类[BSSServer],方法[UdpReciveThread]
日志内容:无法访问已释放的对象。
对象名:“System.Net.Sockets.UdpClient”。

日志时间:2017-12-08 11:13:34
日志级别:Info
日志位置:类[BSSServer],方法[UdpReciveThread]
日志内容:无法访问已释放的对象。
对象名:“System.Net.Sockets.UdpClient”。

日志时间:2017-12-08 11:13:34
日志级别:Info
日志位置:类[BSSServer],方法[UdpReciveThread]
日志内容:无法访问已释放的对象。
对象名:“System.Net.Sockets.UdpClient”。

日志时间:2017-12-08 11:13:34
日志级别:Info
日志位置:类[BSSServer],方法[UdpReciveThread]
日志内容:无法访问已释放的对象。
对象名:“System.Net.Sockets.UdpClient”。

