日志时间:2017-12-08 10:42:12
日志级别:Info
日志位置:类[BSSServer],方法[SendMessage]
日志内容:Send BSSServer message:[3000DWBH:000000*#DWMC:*#ZJM:MicroWin10-1812*#TLX:LBS*#TH:1*#ZBY:*#ZT:1*#LSH:*#ZBBC:*#]

日志时间:2017-12-08 10:42:22
日志级别:Info
日志位置:类[BSSServer],方法[SendMessage]
日志内容:Send BSSServer message:[3000DWBH:000000*#DWMC:*#ZJM:MicroWin10-1812*#TLX:LBS*#TH:1*#ZBY:*#ZT:1*#LSH:*#ZBBC:*#]

日志时间:2017-12-08 10:42:32
日志级别:Info
日志位置:类[BSSServer],方法[SendMessage]
日志内容:Send BSSServer message:[3000DWBH:000000*#DWMC:*#ZJM:MicroWin10-1812*#TLX:LBS*#TH:1*#ZBY:*#ZT:1*#LSH:*#ZBBC:*#]

日志时间:2017-12-08 10:42:42
日志级别:Info
日志位置:类[BSSServer],方法[SendMessage]
日志内容:Send BSSServer message:[3000DWBH:000000*#DWMC:*#ZJM:MicroWin10-1812*#TLX:LBS*#TH:1*#ZBY:*#ZT:1*#LSH:*#ZBBC:*#]

日志时间:2017-12-08 10:42:52
日志级别:Info
日志位置:类[BSSServer],方法[SendMessage]
日志内容:Send BSSServer message:[3000DWBH:000000*#DWMC:*#ZJM:MicroWin10-1812*#TLX:LBS*#TH:1*#ZBY:*#ZT:1*#LSH:*#ZBBC:*#]

日志时间:2017-12-08 10:43:02
日志级别:Info
日志位置:类[BSSServer],方法[SendMessage]
日志内容:Send BSSServer message:[3000DWBH:000000*#DWMC:*#ZJM:MicroWin10-1812*#TLX:LBS*#TH:1*#ZBY:*#ZT:1*#LSH:*#ZBBC:*#]

日志时间:2017-12-08 10:43:12
日志级别:Info
日志位置:类[BSSServer],方法[SendMessage]
日志内容:Send BSSServer message:[3000DWBH:000000*#DWMC:*#ZJM:MicroWin10-1812*#TLX:LBS*#TH:1*#ZBY:*#ZT:1*#LSH:*#ZBBC:*#]

日志时间:2017-12-08 10:43:22
日志级别:Info
日志位置:类[BSSServer],方法[SendMessage]
日志内容:Send BSSServer message:[3000DWBH:000000*#DWMC:*#ZJM:MicroWin10-1812*#TLX:LBS*#TH:1*#ZBY:*#ZT:1*#LSH:*#ZBBC:*#]

日志时间:2017-12-08 10:43:33
日志级别:Info
日志位置:类[BSSServer],方法[SendMessage]
日志内容:Send BSSServer message:[3000DWBH:000000*#DWMC:*#ZJM:MicroWin10-1812*#TLX:LBS*#TH:1*#ZBY:*#ZT:1*#LSH:*#ZBBC:*#]

日志时间:2017-12-08 10:43:43
日志级别:Info
日志位置:类[BSSServer],方法[SendMessage]
日志内容:Send BSSServer message:[3000DWBH:000000*#DWMC:*#ZJM:MicroWin10-1812*#TLX:LBS*#TH:1*#ZBY:*#ZT:1*#LSH:*#ZBBC:*#]

日志时间:2017-12-08 10:43:53
日志级别:Info
日志位置:类[BSSServer],方法[SendMessage]
日志内容:Send BSSServer message:[3000DWBH:000000*#DWMC:*#ZJM:MicroWin10-1812*#TLX:LBS*#TH:1*#ZBY:*#ZT:1*#LSH:*#ZBBC:*#]

日志时间:2017-12-08 10:44:20
日志级别:Info
日志位置:类[BSSServer],方法[SendMessage]
日志内容:Send BSSServer message:[3000DWBH:000000*#DWMC:*#ZJM:MicroWin10-1812*#TLX:LBS*#TH:1*#ZBY:*#ZT:1*#LSH:*#ZBBC:*#]

日志时间:2017-12-08 10:44:31
日志级别:Info
日志位置:类[BSSServer],方法[SendMessage]
日志内容:Send BSSServer message:[3000DWBH:000000*#DWMC:*#ZJM:MicroWin10-1812*#TLX:LBS*#TH:1*#ZBY:*#ZT:1*#LSH:*#ZBBC:*#]

日志时间:2017-12-08 10:44:41
日志级别:Info
日志位置:类[BSSServer],方法[SendMessage]
日志内容:Send BSSServer message:[3000DWBH:000000*#DWMC:*#ZJM:MicroWin10-1812*#TLX:LBS*#TH:1*#ZBY:*#ZT:1*#LSH:*#ZBBC:*#]

日志时间:2017-12-08 10:44:48
日志级别:Info
日志位置:类[BSSServer],方法[SendMessage]
日志内容:Send BSSServer message:[6202SJ:*#TLX:LBS*#TH:4*#WD:*#JD:*#ERRCODE:-1*#ERRMSG:请求格式错误*#]

日志时间:2017-12-08 10:44:51
日志级别:Info
日志位置:类[BSSServer],方法[SendMessage]
日志内容:Send BSSServer message:[3000DWBH:000000*#DWMC:*#ZJM:MicroWin10-1812*#TLX:LBS*#TH:1*#ZBY:*#ZT:1*#LSH:*#ZBBC:*#]

日志时间:2017-12-08 10:45:01
日志级别:Info
日志位置:类[BSSServer],方法[SendMessage]
日志内容:Send BSSServer message:[3000DWBH:000000*#DWMC:*#ZJM:MicroWin10-1812*#TLX:LBS*#TH:1*#ZBY:*#ZT:1*#LSH:*#ZBBC:*#]

日志时间:2017-12-08 10:45:11
日志级别:Info
日志位置:类[BSSServer],方法[SendMessage]
日志内容:Send BSSServer message:[3000DWBH:000000*#DWMC:*#ZJM:MicroWin10-1812*#TLX:LBS*#TH:1*#ZBY:*#ZT:1*#LSH:*#ZBBC:*#]

日志时间:2017-12-08 10:45:48
日志级别:Info
日志位置:类[BSSServer],方法[SendMessage]
日志内容:Send BSSServer message:[3000DWBH:000000*#DWMC:*#ZJM:MicroWin10-1812*#TLX:LBS*#TH:1*#ZBY:*#ZT:1*#LSH:*#ZBBC:*#]

日志时间:2017-12-08 10:45:49
日志级别:Info
日志位置:类[BSSServer],方法[SendMessage]
日志内容:Send BSSServer message:[6202SJ:*#TLX:LBS*#TH:4*#WD:*#JD:*#ERRCODE:-1*#ERRMSG:请求格式错误*#]

日志时间:2017-12-08 10:45:58
日志级别:Info
日志位置:类[BSSServer],方法[SendMessage]
日志内容:Send BSSServer message:[3000DWBH:000000*#DWMC:*#ZJM:MicroWin10-1812*#TLX:LBS*#TH:1*#ZBY:*#ZT:1*#LSH:*#ZBBC:*#]

日志时间:2017-12-08 10:46:08
日志级别:Info
日志位置:类[BSSServer],方法[SendMessage]
日志内容:Send BSSServer message:[3000DWBH:000000*#DWMC:*#ZJM:MicroWin10-1812*#TLX:LBS*#TH:1*#ZBY:*#ZT:1*#LSH:*#ZBBC:*#]

日志时间:2017-12-08 10:46:18
日志级别:Info
日志位置:类[BSSServer],方法[SendMessage]
日志内容:Send BSSServer message:[3000DWBH:000000*#DWMC:*#ZJM:MicroWin10-1812*#TLX:LBS*#TH:1*#ZBY:*#ZT:1*#LSH:*#ZBBC:*#]

日志时间:2017-12-08 10:46:28
日志级别:Info
日志位置:类[BSSServer],方法[SendMessage]
日志内容:Send BSSServer message:[3000DWBH:000000*#DWMC:*#ZJM:MicroWin10-1812*#TLX:LBS*#TH:1*#ZBY:*#ZT:1*#LSH:*#ZBBC:*#]

日志时间:2017-12-08 10:46:38
日志级别:Info
日志位置:类[BSSServer],方法[SendMessage]
日志内容:Send BSSServer message:[3000DWBH:000000*#DWMC:*#ZJM:MicroWin10-1812*#TLX:LBS*#TH:1*#ZBY:*#ZT:1*#LSH:*#ZBBC:*#]

日志时间:2017-12-08 10:46:48
日志级别:Info
日志位置:类[BSSServer],方法[SendMessage]
日志内容:Send BSSServer message:[3000DWBH:000000*#DWMC:*#ZJM:MicroWin10-1812*#TLX:LBS*#TH:1*#ZBY:*#ZT:1*#LSH:*#ZBBC:*#]

日志时间:2017-12-08 10:46:58
日志级别:Info
日志位置:类[BSSServer],方法[SendMessage]
日志内容:Send BSSServer message:[3000DWBH:000000*#DWMC:*#ZJM:MicroWin10-1812*#TLX:LBS*#TH:1*#ZBY:*#ZT:1*#LSH:*#ZBBC:*#]

日志时间:2017-12-08 10:47:08
日志级别:Info
日志位置:类[BSSServer],方法[SendMessage]
日志内容:Send BSSServer message:[3000DWBH:000000*#DWMC:*#ZJM:MicroWin10-1812*#TLX:LBS*#TH:1*#ZBY:*#ZT:1*#LSH:*#ZBBC:*#]

日志时间:2017-12-08 10:47:18
日志级别:Info
日志位置:类[BSSServer],方法[SendMessage]
日志内容:Send BSSServer message:[3000DWBH:000000*#DWMC:*#ZJM:MicroWin10-1812*#TLX:LBS*#TH:1*#ZBY:*#ZT:1*#LSH:*#ZBBC:*#]

日志时间:2017-12-08 10:47:28
日志级别:Info
日志位置:类[BSSServer],方法[SendMessage]
日志内容:Send BSSServer message:[3000DWBH:000000*#DWMC:*#ZJM:MicroWin10-1812*#TLX:LBS*#TH:1*#ZBY:*#ZT:1*#LSH:*#ZBBC:*#]

日志时间:2017-12-08 10:47:38
日志级别:Info
日志位置:类[BSSServer],方法[SendMessage]
日志内容:Send BSSServer message:[3000DWBH:000000*#DWMC:*#ZJM:MicroWin10-1812*#TLX:LBS*#TH:1*#ZBY:*#ZT:1*#LSH:*#ZBBC:*#]

日志时间:2017-12-08 10:47:48
日志级别:Info
日志位置:类[BSSServer],方法[SendMessage]
日志内容:Send BSSServer message:[3000DWBH:000000*#DWMC:*#ZJM:MicroWin10-1812*#TLX:LBS*#TH:1*#ZBY:*#ZT:1*#LSH:*#ZBBC:*#]

日志时间:2017-12-08 10:47:58
日志级别:Info
日志位置:类[BSSServer],方法[SendMessage]
日志内容:Send BSSServer message:[3000DWBH:000000*#DWMC:*#ZJM:MicroWin10-1812*#TLX:LBS*#TH:1*#ZBY:*#ZT:1*#LSH:*#ZBBC:*#]

日志时间:2017-12-08 10:48:08
日志级别:Info
日志位置:类[BSSServer],方法[SendMessage]
日志内容:Send BSSServer message:[3000DWBH:000000*#DWMC:*#ZJM:MicroWin10-1812*#TLX:LBS*#TH:1*#ZBY:*#ZT:1*#LSH:*#ZBBC:*#]

日志时间:2017-12-08 10:48:18
日志级别:Info
日志位置:类[BSSServer],方法[SendMessage]
日志内容:Send BSSServer message:[3000DWBH:000000*#DWMC:*#ZJM:MicroWin10-1812*#TLX:LBS*#TH:1*#ZBY:*#ZT:1*#LSH:*#ZBBC:*#]

日志时间:2017-12-08 10:48:28
日志级别:Info
日志位置:类[BSSServer],方法[SendMessage]
日志内容:Send BSSServer message:[3000DWBH:000000*#DWMC:*#ZJM:MicroWin10-1812*#TLX:LBS*#TH:1*#ZBY:*#ZT:1*#LSH:*#ZBBC:*#]

日志时间:2017-12-08 10:48:38
日志级别:Info
日志位置:类[BSSServer],方法[SendMessage]
日志内容:Send BSSServer message:[3000DWBH:000000*#DWMC:*#ZJM:MicroWin10-1812*#TLX:LBS*#TH:1*#ZBY:*#ZT:1*#LSH:*#ZBBC:*#]

日志时间:2017-12-08 10:48:48
日志级别:Info
日志位置:类[BSSServer],方法[SendMessage]
日志内容:Send BSSServer message:[3000DWBH:000000*#DWMC:*#ZJM:MicroWin10-1812*#TLX:LBS*#TH:1*#ZBY:*#ZT:1*#LSH:*#ZBBC:*#]

日志时间:2017-12-08 10:48:58
日志级别:Info
日志位置:类[BSSServer],方法[SendMessage]
日志内容:Send BSSServer message:[3000DWBH:000000*#DWMC:*#ZJM:MicroWin10-1812*#TLX:LBS*#TH:1*#ZBY:*#ZT:1*#LSH:*#ZBBC:*#]

日志时间:2017-12-08 10:49:08
日志级别:Info
日志位置:类[BSSServer],方法[SendMessage]
日志内容:Send BSSServer message:[3000DWBH:000000*#DWMC:*#ZJM:MicroWin10-1812*#TLX:LBS*#TH:1*#ZBY:*#ZT:1*#LSH:*#ZBBC:*#]

日志时间:2017-12-08 10:49:18
日志级别:Info
日志位置:类[BSSServer],方法[SendMessage]
日志内容:Send BSSServer message:[3000DWBH:000000*#DWMC:*#ZJM:MicroWin10-1812*#TLX:LBS*#TH:1*#ZBY:*#ZT:1*#LSH:*#ZBBC:*#]

日志时间:2017-12-08 10:49:28
日志级别:Info
日志位置:类[BSSServer],方法[SendMessage]
日志内容:Send BSSServer message:[3000DWBH:000000*#DWMC:*#ZJM:MicroWin10-1812*#TLX:LBS*#TH:1*#ZBY:*#ZT:1*#LSH:*#ZBBC:*#]

日志时间:2017-12-08 10:49:38
日志级别:Info
日志位置:类[BSSServer],方法[SendMessage]
日志内容:Send BSSServer message:[3000DWBH:000000*#DWMC:*#ZJM:MicroWin10-1812*#TLX:LBS*#TH:1*#ZBY:*#ZT:1*#LSH:*#ZBBC:*#]

日志时间:2017-12-08 10:49:48
日志级别:Info
日志位置:类[BSSServer],方法[SendMessage]
日志内容:Send BSSServer message:[3000DWBH:000000*#DWMC:*#ZJM:MicroWin10-1812*#TLX:LBS*#TH:1*#ZBY:*#ZT:1*#LSH:*#ZBBC:*#]

日志时间:2017-12-08 10:49:58
日志级别:Info
日志位置:类[BSSServer],方法[SendMessage]
日志内容:Send BSSServer message:[3000DWBH:000000*#DWMC:*#ZJM:MicroWin10-1812*#TLX:LBS*#TH:1*#ZBY:*#ZT:1*#LSH:*#ZBBC:*#]

日志时间:2017-12-08 10:50:08
日志级别:Info
日志位置:类[BSSServer],方法[SendMessage]
日志内容:Send BSSServer message:[3000DWBH:000000*#DWMC:*#ZJM:MicroWin10-1812*#TLX:LBS*#TH:1*#ZBY:*#ZT:1*#LSH:*#ZBBC:*#]

日志时间:2017-12-08 10:50:18
日志级别:Info
日志位置:类[BSSServer],方法[SendMessage]
日志内容:Send BSSServer message:[3000DWBH:000000*#DWMC:*#ZJM:MicroWin10-1812*#TLX:LBS*#TH:1*#ZBY:*#ZT:1*#LSH:*#ZBBC:*#]

日志时间:2017-12-08 10:50:28
日志级别:Info
日志位置:类[BSSServer],方法[SendMessage]
日志内容:Send BSSServer message:[3000DWBH:000000*#DWMC:*#ZJM:MicroWin10-1812*#TLX:LBS*#TH:1*#ZBY:*#ZT:1*#LSH:*#ZBBC:*#]

日志时间:2017-12-08 10:50:38
日志级别:Info
日志位置:类[BSSServer],方法[SendMessage]
日志内容:Send BSSServer message:[3000DWBH:000000*#DWMC:*#ZJM:MicroWin10-1812*#TLX:LBS*#TH:1*#ZBY:*#ZT:1*#LSH:*#ZBBC:*#]

日志时间:2017-12-08 10:50:48
日志级别:Info
日志位置:类[BSSServer],方法[SendMessage]
日志内容:Send BSSServer message:[3000DWBH:000000*#DWMC:*#ZJM:MicroWin10-1812*#TLX:LBS*#TH:1*#ZBY:*#ZT:1*#LSH:*#ZBBC:*#]

日志时间:2017-12-08 10:50:58
日志级别:Info
日志位置:类[BSSServer],方法[SendMessage]
日志内容:Send BSSServer message:[3000DWBH:000000*#DWMC:*#ZJM:MicroWin10-1812*#TLX:LBS*#TH:1*#ZBY:*#ZT:1*#LSH:*#ZBBC:*#]

日志时间:2017-12-08 10:51:08
日志级别:Info
日志位置:类[BSSServer],方法[SendMessage]
日志内容:Send BSSServer message:[3000DWBH:000000*#DWMC:*#ZJM:MicroWin10-1812*#TLX:LBS*#TH:1*#ZBY:*#ZT:1*#LSH:*#ZBBC:*#]

日志时间:2017-12-08 10:51:18
日志级别:Info
日志位置:类[BSSServer],方法[SendMessage]
日志内容:Send BSSServer message:[3000DWBH:000000*#DWMC:*#ZJM:MicroWin10-1812*#TLX:LBS*#TH:1*#ZBY:*#ZT:1*#LSH:*#ZBBC:*#]

日志时间:2017-12-08 10:51:28
日志级别:Info
日志位置:类[BSSServer],方法[SendMessage]
日志内容:Send BSSServer message:[3000DWBH:000000*#DWMC:*#ZJM:MicroWin10-1812*#TLX:LBS*#TH:1*#ZBY:*#ZT:1*#LSH:*#ZBBC:*#]

日志时间:2017-12-08 10:51:38
日志级别:Info
日志位置:类[BSSServer],方法[SendMessage]
日志内容:Send BSSServer message:[3000DWBH:000000*#DWMC:*#ZJM:MicroWin10-1812*#TLX:LBS*#TH:1*#ZBY:*#ZT:1*#LSH:*#ZBBC:*#]

日志时间:2017-12-08 10:51:48
日志级别:Info
日志位置:类[BSSServer],方法[SendMessage]
日志内容:Send BSSServer message:[3000DWBH:000000*#DWMC:*#ZJM:MicroWin10-1812*#TLX:LBS*#TH:1*#ZBY:*#ZT:1*#LSH:*#ZBBC:*#]

日志时间:2017-12-08 10:51:58
日志级别:Info
日志位置:类[BSSServer],方法[SendMessage]
日志内容:Send BSSServer message:[3000DWBH:000000*#DWMC:*#ZJM:MicroWin10-1812*#TLX:LBS*#TH:1*#ZBY:*#ZT:1*#LSH:*#ZBBC:*#]

日志时间:2017-12-08 10:52:08
日志级别:Info
日志位置:类[BSSServer],方法[SendMessage]
日志内容:Send BSSServer message:[3000DWBH:000000*#DWMC:*#ZJM:MicroWin10-1812*#TLX:LBS*#TH:1*#ZBY:*#ZT:1*#LSH:*#ZBBC:*#]

日志时间:2017-12-08 10:52:18
日志级别:Info
日志位置:类[BSSServer],方法[SendMessage]
日志内容:Send BSSServer message:[3000DWBH:000000*#DWMC:*#ZJM:MicroWin10-1812*#TLX:LBS*#TH:1*#ZBY:*#ZT:1*#LSH:*#ZBBC:*#]

日志时间:2017-12-08 10:52:28
日志级别:Info
日志位置:类[BSSServer],方法[SendMessage]
日志内容:Send BSSServer message:[3000DWBH:000000*#DWMC:*#ZJM:MicroWin10-1812*#TLX:LBS*#TH:1*#ZBY:*#ZT:1*#LSH:*#ZBBC:*#]

日志时间:2017-12-08 10:52:38
日志级别:Info
日志位置:类[BSSServer],方法[SendMessage]
日志内容:Send BSSServer message:[3000DWBH:000000*#DWMC:*#ZJM:MicroWin10-1812*#TLX:LBS*#TH:1*#ZBY:*#ZT:1*#LSH:*#ZBBC:*#]

日志时间:2017-12-08 10:52:48
日志级别:Info
日志位置:类[BSSServer],方法[SendMessage]
日志内容:Send BSSServer message:[3000DWBH:000000*#DWMC:*#ZJM:MicroWin10-1812*#TLX:LBS*#TH:1*#ZBY:*#ZT:1*#LSH:*#ZBBC:*#]

日志时间:2017-12-08 10:52:58
日志级别:Info
日志位置:类[BSSServer],方法[SendMessage]
日志内容:Send BSSServer message:[3000DWBH:000000*#DWMC:*#ZJM:MicroWin10-1812*#TLX:LBS*#TH:1*#ZBY:*#ZT:1*#LSH:*#ZBBC:*#]

日志时间:2017-12-08 10:53:08
日志级别:Info
日志位置:类[BSSServer],方法[SendMessage]
日志内容:Send BSSServer message:[3000DWBH:000000*#DWMC:*#ZJM:MicroWin10-1812*#TLX:LBS*#TH:1*#ZBY:*#ZT:1*#LSH:*#ZBBC:*#]

日志时间:2017-12-08 10:53:18
日志级别:Info
日志位置:类[BSSServer],方法[SendMessage]
日志内容:Send BSSServer message:[3000DWBH:000000*#DWMC:*#ZJM:MicroWin10-1812*#TLX:LBS*#TH:1*#ZBY:*#ZT:1*#LSH:*#ZBBC:*#]

日志时间:2017-12-08 10:53:28
日志级别:Info
日志位置:类[BSSServer],方法[SendMessage]
日志内容:Send BSSServer message:[3000DWBH:000000*#DWMC:*#ZJM:MicroWin10-1812*#TLX:LBS*#TH:1*#ZBY:*#ZT:1*#LSH:*#ZBBC:*#]

日志时间:2017-12-08 10:53:38
日志级别:Info
日志位置:类[BSSServer],方法[SendMessage]
日志内容:Send BSSServer message:[3000DWBH:000000*#DWMC:*#ZJM:MicroWin10-1812*#TLX:LBS*#TH:1*#ZBY:*#ZT:1*#LSH:*#ZBBC:*#]

日志时间:2017-12-08 10:53:48
日志级别:Info
日志位置:类[BSSServer],方法[SendMessage]
日志内容:Send BSSServer message:[3000DWBH:000000*#DWMC:*#ZJM:MicroWin10-1812*#TLX:LBS*#TH:1*#ZBY:*#ZT:1*#LSH:*#ZBBC:*#]

日志时间:2017-12-08 10:53:58
日志级别:Info
日志位置:类[BSSServer],方法[SendMessage]
日志内容:Send BSSServer message:[3000DWBH:000000*#DWMC:*#ZJM:MicroWin10-1812*#TLX:LBS*#TH:1*#ZBY:*#ZT:1*#LSH:*#ZBBC:*#]

日志时间:2017-12-08 10:54:08
日志级别:Info
日志位置:类[BSSServer],方法[SendMessage]
日志内容:Send BSSServer message:[3000DWBH:000000*#DWMC:*#ZJM:MicroWin10-1812*#TLX:LBS*#TH:1*#ZBY:*#ZT:1*#LSH:*#ZBBC:*#]

日志时间:2017-12-08 10:54:18
日志级别:Info
日志位置:类[BSSServer],方法[SendMessage]
日志内容:Send BSSServer message:[3000DWBH:000000*#DWMC:*#ZJM:MicroWin10-1812*#TLX:LBS*#TH:1*#ZBY:*#ZT:1*#LSH:*#ZBBC:*#]

日志时间:2017-12-08 10:54:28
日志级别:Info
日志位置:类[BSSServer],方法[SendMessage]
日志内容:Send BSSServer message:[3000DWBH:000000*#DWMC:*#ZJM:MicroWin10-1812*#TLX:LBS*#TH:1*#ZBY:*#ZT:1*#LSH:*#ZBBC:*#]

日志时间:2017-12-08 10:54:38
日志级别:Info
日志位置:类[BSSServer],方法[SendMessage]
日志内容:Send BSSServer message:[3000DWBH:000000*#DWMC:*#ZJM:MicroWin10-1812*#TLX:LBS*#TH:1*#ZBY:*#ZT:1*#LSH:*#ZBBC:*#]

日志时间:2017-12-08 10:54:48
日志级别:Info
日志位置:类[BSSServer],方法[SendMessage]
日志内容:Send BSSServer message:[3000DWBH:000000*#DWMC:*#ZJM:MicroWin10-1812*#TLX:LBS*#TH:1*#ZBY:*#ZT:1*#LSH:*#ZBBC:*#]

日志时间:2017-12-08 10:54:58
日志级别:Info
日志位置:类[BSSServer],方法[SendMessage]
日志内容:Send BSSServer message:[3000DWBH:000000*#DWMC:*#ZJM:MicroWin10-1812*#TLX:LBS*#TH:1*#ZBY:*#ZT:1*#LSH:*#ZBBC:*#]

日志时间:2017-12-08 10:55:08
日志级别:Info
日志位置:类[BSSServer],方法[SendMessage]
日志内容:Send BSSServer message:[3000DWBH:000000*#DWMC:*#ZJM:MicroWin10-1812*#TLX:LBS*#TH:1*#ZBY:*#ZT:1*#LSH:*#ZBBC:*#]

日志时间:2017-12-08 10:55:18
日志级别:Info
日志位置:类[BSSServer],方法[SendMessage]
日志内容:Send BSSServer message:[3000DWBH:000000*#DWMC:*#ZJM:MicroWin10-1812*#TLX:LBS*#TH:1*#ZBY:*#ZT:1*#LSH:*#ZBBC:*#]

日志时间:2017-12-08 10:55:28
日志级别:Info
日志位置:类[BSSServer],方法[SendMessage]
日志内容:Send BSSServer message:[3000DWBH:000000*#DWMC:*#ZJM:MicroWin10-1812*#TLX:LBS*#TH:1*#ZBY:*#ZT:1*#LSH:*#ZBBC:*#]

日志时间:2017-12-08 10:55:38
日志级别:Info
日志位置:类[BSSServer],方法[SendMessage]
日志内容:Send BSSServer message:[3000DWBH:000000*#DWMC:*#ZJM:MicroWin10-1812*#TLX:LBS*#TH:1*#ZBY:*#ZT:1*#LSH:*#ZBBC:*#]

日志时间:2017-12-08 10:55:48
日志级别:Info
日志位置:类[BSSServer],方法[SendMessage]
日志内容:Send BSSServer message:[3000DWBH:000000*#DWMC:*#ZJM:MicroWin10-1812*#TLX:LBS*#TH:1*#ZBY:*#ZT:1*#LSH:*#ZBBC:*#]

日志时间:2017-12-08 10:55:58
日志级别:Info
日志位置:类[BSSServer],方法[SendMessage]
日志内容:Send BSSServer message:[3000DWBH:000000*#DWMC:*#ZJM:MicroWin10-1812*#TLX:LBS*#TH:1*#ZBY:*#ZT:1*#LSH:*#ZBBC:*#]

日志时间:2017-12-08 10:56:08
日志级别:Info
日志位置:类[BSSServer],方法[SendMessage]
日志内容:Send BSSServer message:[3000DWBH:000000*#DWMC:*#ZJM:MicroWin10-1812*#TLX:LBS*#TH:1*#ZBY:*#ZT:1*#LSH:*#ZBBC:*#]

日志时间:2017-12-08 10:56:18
日志级别:Info
日志位置:类[BSSServer],方法[SendMessage]
日志内容:Send BSSServer message:[3000DWBH:000000*#DWMC:*#ZJM:MicroWin10-1812*#TLX:LBS*#TH:1*#ZBY:*#ZT:1*#LSH:*#ZBBC:*#]

日志时间:2017-12-08 10:56:28
日志级别:Info
日志位置:类[BSSServer],方法[SendMessage]
日志内容:Send BSSServer message:[3000DWBH:000000*#DWMC:*#ZJM:MicroWin10-1812*#TLX:LBS*#TH:1*#ZBY:*#ZT:1*#LSH:*#ZBBC:*#]

日志时间:2017-12-08 10:56:38
日志级别:Info
日志位置:类[BSSServer],方法[SendMessage]
日志内容:Send BSSServer message:[3000DWBH:000000*#DWMC:*#ZJM:MicroWin10-1812*#TLX:LBS*#TH:1*#ZBY:*#ZT:1*#LSH:*#ZBBC:*#]

日志时间:2017-12-08 10:56:48
日志级别:Info
日志位置:类[BSSServer],方法[SendMessage]
日志内容:Send BSSServer message:[3000DWBH:000000*#DWMC:*#ZJM:MicroWin10-1812*#TLX:LBS*#TH:1*#ZBY:*#ZT:1*#LSH:*#ZBBC:*#]

日志时间:2017-12-08 10:56:58
日志级别:Info
日志位置:类[BSSServer],方法[SendMessage]
日志内容:Send BSSServer message:[3000DWBH:000000*#DWMC:*#ZJM:MicroWin10-1812*#TLX:LBS*#TH:1*#ZBY:*#ZT:1*#LSH:*#ZBBC:*#]

日志时间:2017-12-08 10:57:08
日志级别:Info
日志位置:类[BSSServer],方法[SendMessage]
日志内容:Send BSSServer message:[3000DWBH:000000*#DWMC:*#ZJM:MicroWin10-1812*#TLX:LBS*#TH:1*#ZBY:*#ZT:1*#LSH:*#ZBBC:*#]

日志时间:2017-12-08 10:57:18
日志级别:Info
日志位置:类[BSSServer],方法[SendMessage]
日志内容:Send BSSServer message:[3000DWBH:000000*#DWMC:*#ZJM:MicroWin10-1812*#TLX:LBS*#TH:1*#ZBY:*#ZT:1*#LSH:*#ZBBC:*#]

日志时间:2017-12-08 10:57:28
日志级别:Info
日志位置:类[BSSServer],方法[SendMessage]
日志内容:Send BSSServer message:[3000DWBH:000000*#DWMC:*#ZJM:MicroWin10-1812*#TLX:LBS*#TH:1*#ZBY:*#ZT:1*#LSH:*#ZBBC:*#]

日志时间:2017-12-08 10:57:38
日志级别:Info
日志位置:类[BSSServer],方法[SendMessage]
日志内容:Send BSSServer message:[3000DWBH:000000*#DWMC:*#ZJM:MicroWin10-1812*#TLX:LBS*#TH:1*#ZBY:*#ZT:1*#LSH:*#ZBBC:*#]

日志时间:2017-12-08 10:57:49
日志级别:Info
日志位置:类[BSSServer],方法[SendMessage]
日志内容:Send BSSServer message:[3000DWBH:000000*#DWMC:*#ZJM:MicroWin10-1812*#TLX:LBS*#TH:1*#ZBY:*#ZT:1*#LSH:*#ZBBC:*#]

日志时间:2017-12-08 10:57:59
日志级别:Info
日志位置:类[BSSServer],方法[SendMessage]
日志内容:Send BSSServer message:[3000DWBH:000000*#DWMC:*#ZJM:MicroWin10-1812*#TLX:LBS*#TH:1*#ZBY:*#ZT:1*#LSH:*#ZBBC:*#]

日志时间:2017-12-08 10:58:09
日志级别:Info
日志位置:类[BSSServer],方法[SendMessage]
日志内容:Send BSSServer message:[3000DWBH:000000*#DWMC:*#ZJM:MicroWin10-1812*#TLX:LBS*#TH:1*#ZBY:*#ZT:1*#LSH:*#ZBBC:*#]

日志时间:2017-12-08 10:58:19
日志级别:Info
日志位置:类[BSSServer],方法[SendMessage]
日志内容:Send BSSServer message:[3000DWBH:000000*#DWMC:*#ZJM:MicroWin10-1812*#TLX:LBS*#TH:1*#ZBY:*#ZT:1*#LSH:*#ZBBC:*#]

日志时间:2017-12-08 10:58:29
日志级别:Info
日志位置:类[BSSServer],方法[SendMessage]
日志内容:Send BSSServer message:[3000DWBH:000000*#DWMC:*#ZJM:MicroWin10-1812*#TLX:LBS*#TH:1*#ZBY:*#ZT:1*#LSH:*#ZBBC:*#]

日志时间:2017-12-08 10:58:39
日志级别:Info
日志位置:类[BSSServer],方法[SendMessage]
日志内容:Send BSSServer message:[3000DWBH:000000*#DWMC:*#ZJM:MicroWin10-1812*#TLX:LBS*#TH:1*#ZBY:*#ZT:1*#LSH:*#ZBBC:*#]

日志时间:2017-12-08 10:58:49
日志级别:Info
日志位置:类[BSSServer],方法[SendMessage]
日志内容:Send BSSServer message:[3000DWBH:000000*#DWMC:*#ZJM:MicroWin10-1812*#TLX:LBS*#TH:1*#ZBY:*#ZT:1*#LSH:*#ZBBC:*#]

日志时间:2017-12-08 10:58:59
日志级别:Info
日志位置:类[BSSServer],方法[SendMessage]
日志内容:Send BSSServer message:[3000DWBH:000000*#DWMC:*#ZJM:MicroWin10-1812*#TLX:LBS*#TH:1*#ZBY:*#ZT:1*#LSH:*#ZBBC:*#]

日志时间:2017-12-08 10:59:09
日志级别:Info
日志位置:类[BSSServer],方法[SendMessage]
日志内容:Send BSSServer message:[3000DWBH:000000*#DWMC:*#ZJM:MicroWin10-1812*#TLX:LBS*#TH:1*#ZBY:*#ZT:1*#LSH:*#ZBBC:*#]

日志时间:2017-12-08 10:59:19
日志级别:Info
日志位置:类[BSSServer],方法[SendMessage]
日志内容:Send BSSServer message:[3000DWBH:000000*#DWMC:*#ZJM:MicroWin10-1812*#TLX:LBS*#TH:1*#ZBY:*#ZT:1*#LSH:*#ZBBC:*#]

日志时间:2017-12-08 10:59:29
日志级别:Info
日志位置:类[BSSServer],方法[SendMessage]
日志内容:Send BSSServer message:[3000DWBH:000000*#DWMC:*#ZJM:MicroWin10-1812*#TLX:LBS*#TH:1*#ZBY:*#ZT:1*#LSH:*#ZBBC:*#]

日志时间:2017-12-08 10:59:39
日志级别:Info
日志位置:类[BSSServer],方法[SendMessage]
日志内容:Send BSSServer message:[3000DWBH:000000*#DWMC:*#ZJM:MicroWin10-1812*#TLX:LBS*#TH:1*#ZBY:*#ZT:1*#LSH:*#ZBBC:*#]

日志时间:2017-12-08 10:59:49
日志级别:Info
日志位置:类[BSSServer],方法[SendMessage]
日志内容:Send BSSServer message:[3000DWBH:000000*#DWMC:*#ZJM:MicroWin10-1812*#TLX:LBS*#TH:1*#ZBY:*#ZT:1*#LSH:*#ZBBC:*#]

日志时间:2017-12-08 10:59:59
日志级别:Info
日志位置:类[BSSServer],方法[SendMessage]
日志内容:Send BSSServer message:[3000DWBH:000000*#DWMC:*#ZJM:MicroWin10-1812*#TLX:LBS*#TH:1*#ZBY:*#ZT:1*#LSH:*#ZBBC:*#]

日志时间:2017-12-08 11:00:09
日志级别:Info
日志位置:类[BSSServer],方法[SendMessage]
日志内容:Send BSSServer message:[3000DWBH:000000*#DWMC:*#ZJM:MicroWin10-1812*#TLX:LBS*#TH:1*#ZBY:*#ZT:1*#LSH:*#ZBBC:*#]

日志时间:2017-12-08 11:00:19
日志级别:Info
日志位置:类[BSSServer],方法[SendMessage]
日志内容:Send BSSServer message:[3000DWBH:000000*#DWMC:*#ZJM:MicroWin10-1812*#TLX:LBS*#TH:1*#ZBY:*#ZT:1*#LSH:*#ZBBC:*#]

日志时间:2017-12-08 11:00:29
日志级别:Info
日志位置:类[BSSServer],方法[SendMessage]
日志内容:Send BSSServer message:[3000DWBH:000000*#DWMC:*#ZJM:MicroWin10-1812*#TLX:LBS*#TH:1*#ZBY:*#ZT:1*#LSH:*#ZBBC:*#]

日志时间:2017-12-08 11:00:39
日志级别:Info
日志位置:类[BSSServer],方法[SendMessage]
日志内容:Send BSSServer message:[3000DWBH:000000*#DWMC:*#ZJM:MicroWin10-1812*#TLX:LBS*#TH:1*#ZBY:*#ZT:1*#LSH:*#ZBBC:*#]

日志时间:2017-12-08 11:00:49
日志级别:Info
日志位置:类[BSSServer],方法[SendMessage]
日志内容:Send BSSServer message:[3000DWBH:000000*#DWMC:*#ZJM:MicroWin10-1812*#TLX:LBS*#TH:1*#ZBY:*#ZT:1*#LSH:*#ZBBC:*#]

日志时间:2017-12-08 11:00:59
日志级别:Info
日志位置:类[BSSServer],方法[SendMessage]
日志内容:Send BSSServer message:[3000DWBH:000000*#DWMC:*#ZJM:MicroWin10-1812*#TLX:LBS*#TH:1*#ZBY:*#ZT:1*#LSH:*#ZBBC:*#]

日志时间:2017-12-08 11:01:09
日志级别:Info
日志位置:类[BSSServer],方法[SendMessage]
日志内容:Send BSSServer message:[3000DWBH:000000*#DWMC:*#ZJM:MicroWin10-1812*#TLX:LBS*#TH:1*#ZBY:*#ZT:1*#LSH:*#ZBBC:*#]

日志时间:2017-12-08 11:01:19
日志级别:Info
日志位置:类[BSSServer],方法[SendMessage]
日志内容:Send BSSServer message:[3000DWBH:000000*#DWMC:*#ZJM:MicroWin10-1812*#TLX:LBS*#TH:1*#ZBY:*#ZT:1*#LSH:*#ZBBC:*#]

日志时间:2017-12-08 11:01:29
日志级别:Info
日志位置:类[BSSServer],方法[SendMessage]
日志内容:Send BSSServer message:[3000DWBH:000000*#DWMC:*#ZJM:MicroWin10-1812*#TLX:LBS*#TH:1*#ZBY:*#ZT:1*#LSH:*#ZBBC:*#]

日志时间:2017-12-08 11:01:39
日志级别:Info
日志位置:类[BSSServer],方法[SendMessage]
日志内容:Send BSSServer message:[3000DWBH:000000*#DWMC:*#ZJM:MicroWin10-1812*#TLX:LBS*#TH:1*#ZBY:*#ZT:1*#LSH:*#ZBBC:*#]

日志时间:2017-12-08 11:01:49
日志级别:Info
日志位置:类[BSSServer],方法[SendMessage]
日志内容:Send BSSServer message:[3000DWBH:000000*#DWMC:*#ZJM:MicroWin10-1812*#TLX:LBS*#TH:1*#ZBY:*#ZT:1*#LSH:*#ZBBC:*#]

日志时间:2017-12-08 11:01:59
日志级别:Info
日志位置:类[BSSServer],方法[SendMessage]
日志内容:Send BSSServer message:[3000DWBH:000000*#DWMC:*#ZJM:MicroWin10-1812*#TLX:LBS*#TH:1*#ZBY:*#ZT:1*#LSH:*#ZBBC:*#]

日志时间:2017-12-08 11:02:09
日志级别:Info
日志位置:类[BSSServer],方法[SendMessage]
日志内容:Send BSSServer message:[3000DWBH:000000*#DWMC:*#ZJM:MicroWin10-1812*#TLX:LBS*#TH:1*#ZBY:*#ZT:1*#LSH:*#ZBBC:*#]

日志时间:2017-12-08 11:02:19
日志级别:Info
日志位置:类[BSSServer],方法[SendMessage]
日志内容:Send BSSServer message:[3000DWBH:000000*#DWMC:*#ZJM:MicroWin10-1812*#TLX:LBS*#TH:1*#ZBY:*#ZT:1*#LSH:*#ZBBC:*#]

日志时间:2017-12-08 11:02:29
日志级别:Info
日志位置:类[BSSServer],方法[SendMessage]
日志内容:Send BSSServer message:[3000DWBH:000000*#DWMC:*#ZJM:MicroWin10-1812*#TLX:LBS*#TH:1*#ZBY:*#ZT:1*#LSH:*#ZBBC:*#]

日志时间:2017-12-08 11:02:39
日志级别:Info
日志位置:类[BSSServer],方法[SendMessage]
日志内容:Send BSSServer message:[3000DWBH:000000*#DWMC:*#ZJM:MicroWin10-1812*#TLX:LBS*#TH:1*#ZBY:*#ZT:1*#LSH:*#ZBBC:*#]

日志时间:2017-12-08 11:02:49
日志级别:Info
日志位置:类[BSSServer],方法[SendMessage]
日志内容:Send BSSServer message:[3000DWBH:000000*#DWMC:*#ZJM:MicroWin10-1812*#TLX:LBS*#TH:1*#ZBY:*#ZT:1*#LSH:*#ZBBC:*#]

日志时间:2017-12-08 11:02:59
日志级别:Info
日志位置:类[BSSServer],方法[SendMessage]
日志内容:Send BSSServer message:[3000DWBH:000000*#DWMC:*#ZJM:MicroWin10-1812*#TLX:LBS*#TH:1*#ZBY:*#ZT:1*#LSH:*#ZBBC:*#]

日志时间:2017-12-08 11:03:09
日志级别:Info
日志位置:类[BSSServer],方法[SendMessage]
日志内容:Send BSSServer message:[3000DWBH:000000*#DWMC:*#ZJM:MicroWin10-1812*#TLX:LBS*#TH:1*#ZBY:*#ZT:1*#LSH:*#ZBBC:*#]

日志时间:2017-12-08 11:03:19
日志级别:Info
日志位置:类[BSSServer],方法[SendMessage]
日志内容:Send BSSServer message:[3000DWBH:000000*#DWMC:*#ZJM:MicroWin10-1812*#TLX:LBS*#TH:1*#ZBY:*#ZT:1*#LSH:*#ZBBC:*#]

日志时间:2017-12-08 11:03:29
日志级别:Info
日志位置:类[BSSServer],方法[SendMessage]
日志内容:Send BSSServer message:[3000DWBH:000000*#DWMC:*#ZJM:MicroWin10-1812*#TLX:LBS*#TH:1*#ZBY:*#ZT:1*#LSH:*#ZBBC:*#]

日志时间:2017-12-08 11:03:39
日志级别:Info
日志位置:类[BSSServer],方法[SendMessage]
日志内容:Send BSSServer message:[3000DWBH:000000*#DWMC:*#ZJM:MicroWin10-1812*#TLX:LBS*#TH:1*#ZBY:*#ZT:1*#LSH:*#ZBBC:*#]

日志时间:2017-12-08 11:03:49
日志级别:Info
日志位置:类[BSSServer],方法[SendMessage]
日志内容:Send BSSServer message:[3000DWBH:000000*#DWMC:*#ZJM:MicroWin10-1812*#TLX:LBS*#TH:1*#ZBY:*#ZT:1*#LSH:*#ZBBC:*#]

日志时间:2017-12-08 11:03:59
日志级别:Info
日志位置:类[BSSServer],方法[SendMessage]
日志内容:Send BSSServer message:[3000DWBH:000000*#DWMC:*#ZJM:MicroWin10-1812*#TLX:LBS*#TH:1*#ZBY:*#ZT:1*#LSH:*#ZBBC:*#]

日志时间:2017-12-08 11:04:09
日志级别:Info
日志位置:类[BSSServer],方法[SendMessage]
日志内容:Send BSSServer message:[3000DWBH:000000*#DWMC:*#ZJM:MicroWin10-1812*#TLX:LBS*#TH:1*#ZBY:*#ZT:1*#LSH:*#ZBBC:*#]

日志时间:2017-12-08 11:04:19
日志级别:Info
日志位置:类[BSSServer],方法[SendMessage]
日志内容:Send BSSServer message:[3000DWBH:000000*#DWMC:*#ZJM:MicroWin10-1812*#TLX:LBS*#TH:1*#ZBY:*#ZT:1*#LSH:*#ZBBC:*#]

日志时间:2017-12-08 11:04:29
日志级别:Info
日志位置:类[BSSServer],方法[SendMessage]
日志内容:Send BSSServer message:[3000DWBH:000000*#DWMC:*#ZJM:MicroWin10-1812*#TLX:LBS*#TH:1*#ZBY:*#ZT:1*#LSH:*#ZBBC:*#]

日志时间:2017-12-08 11:04:39
日志级别:Info
日志位置:类[BSSServer],方法[SendMessage]
日志内容:Send BSSServer message:[3000DWBH:000000*#DWMC:*#ZJM:MicroWin10-1812*#TLX:LBS*#TH:1*#ZBY:*#ZT:1*#LSH:*#ZBBC:*#]

日志时间:2017-12-08 11:04:49
日志级别:Info
日志位置:类[BSSServer],方法[SendMessage]
日志内容:Send BSSServer message:[3000DWBH:000000*#DWMC:*#ZJM:MicroWin10-1812*#TLX:LBS*#TH:1*#ZBY:*#ZT:1*#LSH:*#ZBBC:*#]

日志时间:2017-12-08 11:04:59
日志级别:Info
日志位置:类[BSSServer],方法[SendMessage]
日志内容:Send BSSServer message:[3000DWBH:000000*#DWMC:*#ZJM:MicroWin10-1812*#TLX:LBS*#TH:1*#ZBY:*#ZT:1*#LSH:*#ZBBC:*#]

日志时间:2017-12-08 11:05:09
日志级别:Info
日志位置:类[BSSServer],方法[SendMessage]
日志内容:Send BSSServer message:[3000DWBH:000000*#DWMC:*#ZJM:MicroWin10-1812*#TLX:LBS*#TH:1*#ZBY:*#ZT:1*#LSH:*#ZBBC:*#]

日志时间:2017-12-08 11:05:19
日志级别:Info
日志位置:类[BSSServer],方法[SendMessage]
日志内容:Send BSSServer message:[3000DWBH:000000*#DWMC:*#ZJM:MicroWin10-1812*#TLX:LBS*#TH:1*#ZBY:*#ZT:1*#LSH:*#ZBBC:*#]

日志时间:2017-12-08 11:05:29
日志级别:Info
日志位置:类[BSSServer],方法[SendMessage]
日志内容:Send BSSServer message:[3000DWBH:000000*#DWMC:*#ZJM:MicroWin10-1812*#TLX:LBS*#TH:1*#ZBY:*#ZT:1*#LSH:*#ZBBC:*#]

日志时间:2017-12-08 11:05:39
日志级别:Info
日志位置:类[BSSServer],方法[SendMessage]
日志内容:Send BSSServer message:[3000DWBH:000000*#DWMC:*#ZJM:MicroWin10-1812*#TLX:LBS*#TH:1*#ZBY:*#ZT:1*#LSH:*#ZBBC:*#]

日志时间:2017-12-08 11:05:49
日志级别:Info
日志位置:类[BSSServer],方法[SendMessage]
日志内容:Send BSSServer message:[3000DWBH:000000*#DWMC:*#ZJM:MicroWin10-1812*#TLX:LBS*#TH:1*#ZBY:*#ZT:1*#LSH:*#ZBBC:*#]

日志时间:2017-12-08 11:05:59
日志级别:Info
日志位置:类[BSSServer],方法[SendMessage]
日志内容:Send BSSServer message:[3000DWBH:000000*#DWMC:*#ZJM:MicroWin10-1812*#TLX:LBS*#TH:1*#ZBY:*#ZT:1*#LSH:*#ZBBC:*#]

日志时间:2017-12-08 11:06:09
日志级别:Info
日志位置:类[BSSServer],方法[SendMessage]
日志内容:Send BSSServer message:[3000DWBH:000000*#DWMC:*#ZJM:MicroWin10-1812*#TLX:LBS*#TH:1*#ZBY:*#ZT:1*#LSH:*#ZBBC:*#]

日志时间:2017-12-08 11:06:19
日志级别:Info
日志位置:类[BSSServer],方法[SendMessage]
日志内容:Send BSSServer message:[3000DWBH:000000*#DWMC:*#ZJM:MicroWin10-1812*#TLX:LBS*#TH:1*#ZBY:*#ZT:1*#LSH:*#ZBBC:*#]

日志时间:2017-12-08 11:06:29
日志级别:Info
日志位置:类[BSSServer],方法[SendMessage]
日志内容:Send BSSServer message:[3000DWBH:000000*#DWMC:*#ZJM:MicroWin10-1812*#TLX:LBS*#TH:1*#ZBY:*#ZT:1*#LSH:*#ZBBC:*#]

日志时间:2017-12-08 11:06:39
日志级别:Info
日志位置:类[BSSServer],方法[SendMessage]
日志内容:Send BSSServer message:[3000DWBH:000000*#DWMC:*#ZJM:MicroWin10-1812*#TLX:LBS*#TH:1*#ZBY:*#ZT:1*#LSH:*#ZBBC:*#]

日志时间:2017-12-08 11:06:49
日志级别:Info
日志位置:类[BSSServer],方法[SendMessage]
日志内容:Send BSSServer message:[3000DWBH:000000*#DWMC:*#ZJM:MicroWin10-1812*#TLX:LBS*#TH:1*#ZBY:*#ZT:1*#LSH:*#ZBBC:*#]

日志时间:2017-12-08 11:06:59
日志级别:Info
日志位置:类[BSSServer],方法[SendMessage]
日志内容:Send BSSServer message:[3000DWBH:000000*#DWMC:*#ZJM:MicroWin10-1812*#TLX:LBS*#TH:1*#ZBY:*#ZT:1*#LSH:*#ZBBC:*#]

日志时间:2017-12-08 11:07:09
日志级别:Info
日志位置:类[BSSServer],方法[SendMessage]
日志内容:Send BSSServer message:[3000DWBH:000000*#DWMC:*#ZJM:MicroWin10-1812*#TLX:LBS*#TH:1*#ZBY:*#ZT:1*#LSH:*#ZBBC:*#]

日志时间:2017-12-08 11:07:19
日志级别:Info
日志位置:类[BSSServer],方法[SendMessage]
日志内容:Send BSSServer message:[3000DWBH:000000*#DWMC:*#ZJM:MicroWin10-1812*#TLX:LBS*#TH:1*#ZBY:*#ZT:1*#LSH:*#ZBBC:*#]

日志时间:2017-12-08 11:07:29
日志级别:Info
日志位置:类[BSSServer],方法[SendMessage]
日志内容:Send BSSServer message:[3000DWBH:000000*#DWMC:*#ZJM:MicroWin10-1812*#TLX:LBS*#TH:1*#ZBY:*#ZT:1*#LSH:*#ZBBC:*#]

日志时间:2017-12-08 11:07:39
日志级别:Info
日志位置:类[BSSServer],方法[SendMessage]
日志内容:Send BSSServer message:[3000DWBH:000000*#DWMC:*#ZJM:MicroWin10-1812*#TLX:LBS*#TH:1*#ZBY:*#ZT:1*#LSH:*#ZBBC:*#]

日志时间:2017-12-08 11:07:49
日志级别:Info
日志位置:类[BSSServer],方法[SendMessage]
日志内容:Send BSSServer message:[3000DWBH:000000*#DWMC:*#ZJM:MicroWin10-1812*#TLX:LBS*#TH:1*#ZBY:*#ZT:1*#LSH:*#ZBBC:*#]

日志时间:2017-12-08 11:07:59
日志级别:Info
日志位置:类[BSSServer],方法[SendMessage]
日志内容:Send BSSServer message:[3000DWBH:000000*#DWMC:*#ZJM:MicroWin10-1812*#TLX:LBS*#TH:1*#ZBY:*#ZT:1*#LSH:*#ZBBC:*#]

日志时间:2017-12-08 11:08:09
日志级别:Info
日志位置:类[BSSServer],方法[SendMessage]
日志内容:Send BSSServer message:[3000DWBH:000000*#DWMC:*#ZJM:MicroWin10-1812*#TLX:LBS*#TH:1*#ZBY:*#ZT:1*#LSH:*#ZBBC:*#]

日志时间:2017-12-08 11:08:19
日志级别:Info
日志位置:类[BSSServer],方法[SendMessage]
日志内容:Send BSSServer message:[3000DWBH:000000*#DWMC:*#ZJM:MicroWin10-1812*#TLX:LBS*#TH:1*#ZBY:*#ZT:1*#LSH:*#ZBBC:*#]

日志时间:2017-12-08 11:08:29
日志级别:Info
日志位置:类[BSSServer],方法[SendMessage]
日志内容:Send BSSServer message:[3000DWBH:000000*#DWMC:*#ZJM:MicroWin10-1812*#TLX:LBS*#TH:1*#ZBY:*#ZT:1*#LSH:*#ZBBC:*#]

日志时间:2017-12-08 11:08:39
日志级别:Info
日志位置:类[BSSServer],方法[SendMessage]
日志内容:Send BSSServer message:[3000DWBH:000000*#DWMC:*#ZJM:MicroWin10-1812*#TLX:LBS*#TH:1*#ZBY:*#ZT:1*#LSH:*#ZBBC:*#]

日志时间:2017-12-08 11:08:49
日志级别:Info
日志位置:类[BSSServer],方法[SendMessage]
日志内容:Send BSSServer message:[3000DWBH:000000*#DWMC:*#ZJM:MicroWin10-1812*#TLX:LBS*#TH:1*#ZBY:*#ZT:1*#LSH:*#ZBBC:*#]

日志时间:2017-12-08 11:08:59
日志级别:Info
日志位置:类[BSSServer],方法[SendMessage]
日志内容:Send BSSServer message:[3000DWBH:000000*#DWMC:*#ZJM:MicroWin10-1812*#TLX:LBS*#TH:1*#ZBY:*#ZT:1*#LSH:*#ZBBC:*#]

日志时间:2017-12-08 11:09:09
日志级别:Info
日志位置:类[BSSServer],方法[SendMessage]
日志内容:Send BSSServer message:[3000DWBH:000000*#DWMC:*#ZJM:MicroWin10-1812*#TLX:LBS*#TH:1*#ZBY:*#ZT:1*#LSH:*#ZBBC:*#]

日志时间:2017-12-08 11:09:19
日志级别:Info
日志位置:类[BSSServer],方法[SendMessage]
日志内容:Send BSSServer message:[3000DWBH:000000*#DWMC:*#ZJM:MicroWin10-1812*#TLX:LBS*#TH:1*#ZBY:*#ZT:1*#LSH:*#ZBBC:*#]

日志时间:2017-12-08 11:09:29
日志级别:Info
日志位置:类[BSSServer],方法[SendMessage]
日志内容:Send BSSServer message:[3000DWBH:000000*#DWMC:*#ZJM:MicroWin10-1812*#TLX:LBS*#TH:1*#ZBY:*#ZT:1*#LSH:*#ZBBC:*#]

日志时间:2017-12-08 11:09:39
日志级别:Info
日志位置:类[BSSServer],方法[SendMessage]
日志内容:Send BSSServer message:[3000DWBH:000000*#DWMC:*#ZJM:MicroWin10-1812*#TLX:LBS*#TH:1*#ZBY:*#ZT:1*#LSH:*#ZBBC:*#]

日志时间:2017-12-08 11:09:49
日志级别:Info
日志位置:类[BSSServer],方法[SendMessage]
日志内容:Send BSSServer message:[3000DWBH:000000*#DWMC:*#ZJM:MicroWin10-1812*#TLX:LBS*#TH:1*#ZBY:*#ZT:1*#LSH:*#ZBBC:*#]

日志时间:2017-12-08 11:09:59
日志级别:Info
日志位置:类[BSSServer],方法[SendMessage]
日志内容:Send BSSServer message:[3000DWBH:000000*#DWMC:*#ZJM:MicroWin10-1812*#TLX:LBS*#TH:1*#ZBY:*#ZT:1*#LSH:*#ZBBC:*#]

日志时间:2017-12-08 11:10:09
日志级别:Info
日志位置:类[BSSServer],方法[SendMessage]
日志内容:Send BSSServer message:[3000DWBH:000000*#DWMC:*#ZJM:MicroWin10-1812*#TLX:LBS*#TH:1*#ZBY:*#ZT:1*#LSH:*#ZBBC:*#]

日志时间:2017-12-08 11:10:19
日志级别:Info
日志位置:类[BSSServer],方法[SendMessage]
日志内容:Send BSSServer message:[3000DWBH:000000*#DWMC:*#ZJM:MicroWin10-1812*#TLX:LBS*#TH:1*#ZBY:*#ZT:1*#LSH:*#ZBBC:*#]

日志时间:2017-12-08 11:10:29
日志级别:Info
日志位置:类[BSSServer],方法[SendMessage]
日志内容:Send BSSServer message:[3000DWBH:000000*#DWMC:*#ZJM:MicroWin10-1812*#TLX:LBS*#TH:1*#ZBY:*#ZT:1*#LSH:*#ZBBC:*#]

日志时间:2017-12-08 11:10:39
日志级别:Info
日志位置:类[BSSServer],方法[SendMessage]
日志内容:Send BSSServer message:[3000DWBH:000000*#DWMC:*#ZJM:MicroWin10-1812*#TLX:LBS*#TH:1*#ZBY:*#ZT:1*#LSH:*#ZBBC:*#]

日志时间:2017-12-08 11:10:49
日志级别:Info
日志位置:类[BSSServer],方法[SendMessage]
日志内容:Send BSSServer message:[3000DWBH:000000*#DWMC:*#ZJM:MicroWin10-1812*#TLX:LBS*#TH:1*#ZBY:*#ZT:1*#LSH:*#ZBBC:*#]

日志时间:2017-12-08 11:10:59
日志级别:Info
日志位置:类[BSSServer],方法[SendMessage]
日志内容:Send BSSServer message:[3000DWBH:000000*#DWMC:*#ZJM:MicroWin10-1812*#TLX:LBS*#TH:1*#ZBY:*#ZT:1*#LSH:*#ZBBC:*#]

日志时间:2017-12-08 11:11:10
日志级别:Info
日志位置:类[BSSServer],方法[SendMessage]
日志内容:Send BSSServer message:[3000DWBH:000000*#DWMC:*#ZJM:MicroWin10-1812*#TLX:LBS*#TH:1*#ZBY:*#ZT:1*#LSH:*#ZBBC:*#]

日志时间:2017-12-08 11:11:20
日志级别:Info
日志位置:类[BSSServer],方法[SendMessage]
日志内容:Send BSSServer message:[3000DWBH:000000*#DWMC:*#ZJM:MicroWin10-1812*#TLX:LBS*#TH:1*#ZBY:*#ZT:1*#LSH:*#ZBBC:*#]

日志时间:2017-12-08 11:11:30
日志级别:Info
日志位置:类[BSSServer],方法[SendMessage]
日志内容:Send BSSServer message:[3000DWBH:000000*#DWMC:*#ZJM:MicroWin10-1812*#TLX:LBS*#TH:1*#ZBY:*#ZT:1*#LSH:*#ZBBC:*#]

日志时间:2017-12-08 11:11:40
日志级别:Info
日志位置:类[BSSServer],方法[SendMessage]
日志内容:Send BSSServer message:[3000DWBH:000000*#DWMC:*#ZJM:MicroWin10-1812*#TLX:LBS*#TH:1*#ZBY:*#ZT:1*#LSH:*#ZBBC:*#]

日志时间:2017-12-08 11:11:50
日志级别:Info
日志位置:类[BSSServer],方法[SendMessage]
日志内容:Send BSSServer message:[3000DWBH:000000*#DWMC:*#ZJM:MicroWin10-1812*#TLX:LBS*#TH:1*#ZBY:*#ZT:1*#LSH:*#ZBBC:*#]

日志时间:2017-12-08 11:12:00
日志级别:Info
日志位置:类[BSSServer],方法[SendMessage]
日志内容:Send BSSServer message:[3000DWBH:000000*#DWMC:*#ZJM:MicroWin10-1812*#TLX:LBS*#TH:1*#ZBY:*#ZT:1*#LSH:*#ZBBC:*#]

日志时间:2017-12-08 11:12:10
日志级别:Info
日志位置:类[BSSServer],方法[SendMessage]
日志内容:Send BSSServer message:[3000DWBH:000000*#DWMC:*#ZJM:MicroWin10-1812*#TLX:LBS*#TH:1*#ZBY:*#ZT:1*#LSH:*#ZBBC:*#]

日志时间:2017-12-08 11:12:20
日志级别:Info
日志位置:类[BSSServer],方法[SendMessage]
日志内容:Send BSSServer message:[3000DWBH:000000*#DWMC:*#ZJM:MicroWin10-1812*#TLX:LBS*#TH:1*#ZBY:*#ZT:1*#LSH:*#ZBBC:*#]

日志时间:2017-12-08 11:12:30
日志级别:Info
日志位置:类[BSSServer],方法[SendMessage]
日志内容:Send BSSServer message:[3000DWBH:000000*#DWMC:*#ZJM:MicroWin10-1812*#TLX:LBS*#TH:1*#ZBY:*#ZT:1*#LSH:*#ZBBC:*#]

日志时间:2017-12-08 11:12:40
日志级别:Info
日志位置:类[BSSServer],方法[SendMessage]
日志内容:Send BSSServer message:[3000DWBH:000000*#DWMC:*#ZJM:MicroWin10-1812*#TLX:LBS*#TH:1*#ZBY:*#ZT:1*#LSH:*#ZBBC:*#]

日志时间:2017-12-08 11:12:50
日志级别:Info
日志位置:类[BSSServer],方法[SendMessage]
日志内容:Send BSSServer message:[3000DWBH:000000*#DWMC:*#ZJM:MicroWin10-1812*#TLX:LBS*#TH:1*#ZBY:*#ZT:1*#LSH:*#ZBBC:*#]

日志时间:2017-12-08 11:13:00
日志级别:Info
日志位置:类[BSSServer],方法[SendMessage]
日志内容:Send BSSServer message:[3000DWBH:000000*#DWMC:*#ZJM:MicroWin10-1812*#TLX:LBS*#TH:1*#ZBY:*#ZT:1*#LSH:*#ZBBC:*#]

日志时间:2017-12-08 11:13:10
日志级别:Info
日志位置:类[BSSServer],方法[SendMessage]
日志内容:Send BSSServer message:[3000DWBH:000000*#DWMC:*#ZJM:MicroWin10-1812*#TLX:LBS*#TH:1*#ZBY:*#ZT:1*#LSH:*#ZBBC:*#]

日志时间:2017-12-08 11:13:20
日志级别:Info
日志位置:类[BSSServer],方法[SendMessage]
日志内容:Send BSSServer message:[3000DWBH:000000*#DWMC:*#ZJM:MicroWin10-1812*#TLX:LBS*#TH:1*#ZBY:*#ZT:1*#LSH:*#ZBBC:*#]

日志时间:2017-12-08 11:13:30
日志级别:Info
日志位置:类[BSSServer],方法[SendMessage]
日志内容:Send BSSServer message:[3000DWBH:000000*#DWMC:*#ZJM:MicroWin10-1812*#TLX:LBS*#TH:1*#ZBY:*#ZT:1*#LSH:*#ZBBC:*#]

